Determining if the pthread_create exist failed with the following output:
Change Dir: /home/ren/Documents/urdfdemo/demo05_ws/build/CMakeFiles/CMakeTmp

Run Build Command:"/usr/bin/make" "cmTC_aecc1/fast"
/usr/bin/make -f CMakeFiles/cmTC_aecc1.dir/build.make CMakeFiles/cmTC_aecc1.dir/build
make[1]: Entering directory '/home/ren/Documents/urdfdemo/demo05_ws/build/CMakeFiles/CMakeTmp'
Building C object CMakeFiles/cmTC_aecc1.dir/CheckSymbolExists.c.o
/usr/lib/ccache/cc    -o CMakeFiles/cmTC_aecc1.dir/CheckSymbolExists.c.o   -c /home/ren/Documents/urdfdemo/demo05_ws/build/CMakeFiles/CMakeTmp/CheckSymbolExists.c
Linking C executable cmTC_aecc1
/usr/bin/cmake -E cmake_link_script CMakeFiles/cmTC_aecc1.dir/link.txt --verbose=1
/usr/lib/ccache/cc      -rdynamic CMakeFiles/cmTC_aecc1.dir/CheckSymbolExists.c.o  -o cmTC_aecc1 
CMakeFiles/cmTC_aecc1.dir/CheckSymbolExists.c.o: In function `main':
CheckSymbolExists.c:(.text+0x1b): undefined reference to `pthread_create'
collect2: error: ld returned 1 exit status
CMakeFiles/cmTC_aecc1.dir/build.make:97: recipe for target 'cmTC_aecc1' failed
make[1]: *** [cmTC_aecc1] Error 1
make[1]: Leaving directory '/home/ren/Documents/urdfdemo/demo05_ws/build/CMakeFiles/CMakeTmp'
Makefile:126: recipe for target 'cmTC_aecc1/fast' failed
make: *** [cmTC_aecc1/fast] Error 2

File /home/ren/Documents/urdfdemo/demo05_ws/build/CMakeFiles/CMakeTmp/CheckSymbolExists.c:
/* */
#include <pthread.h>

int main(int argc, char** argv)
{
  (void)argv;
#ifndef pthread_create
  return ((int*)(&pthread_create))[argc];
#else
  (void)argc;
  return 0;
#endif
}

Determining if the function pthread_create exists in the pthreads failed with the following output:
Change Dir: /home/ren/Documents/urdfdemo/demo05_ws/build/CMakeFiles/CMakeTmp

Run Build Command:"/usr/bin/make" "cmTC_b1451/fast"
/usr/bin/make -f CMakeFiles/cmTC_b1451.dir/build.make CMakeFiles/cmTC_b1451.dir/build
make[1]: Entering directory '/home/ren/Documents/urdfdemo/demo05_ws/build/CMakeFiles/CMakeTmp'
Building C object CMakeFiles/cmTC_b1451.dir/CheckFunctionExists.c.o
/usr/lib/ccache/cc   -DCHECK_FUNCTION_EXISTS=pthread_create   -o CMakeFiles/cmTC_b1451.dir/CheckFunctionExists.c.o   -c /usr/share/cmake-3.10/Modules/CheckFunctionExists.c
Linking C executable cmTC_b1451
/usr/bin/cmake -E cmake_link_script CMakeFiles/cmTC_b1451.dir/link.txt --verbose=1
/usr/lib/ccache/cc  -DCHECK_FUNCTION_EXISTS=pthread_create    -rdynamic CMakeFiles/cmTC_b1451.dir/CheckFunctionExists.c.o  -o cmTC_b1451 -lpthreads 
/usr/bin/ld: cannot find -lpthreads
collect2: error: ld returned 1 exit status
CMakeFiles/cmTC_b1451.dir/build.make:97: recipe for target 'cmTC_b1451' failed
make[1]: *** [cmTC_b1451] Error 1
make[1]: Leaving directory '/home/ren/Documents/urdfdemo/demo05_ws/build/CMakeFiles/CMakeTmp'
Makefile:126: recipe for target 'cmTC_b1451/fast' failed
make: *** [cmTC_b1451/fast] Error 2


